<?xml version="1.0" encoding="UTF-8"?>
<!-- Generated by org.testng.reporters.JUnitReportReporter -->
<testsuite hostname="srivastav" failures="0" tests="1" name="day8.CreateUser" time="9.702" errors="0" timestamp="2023-12-07T15:42:43 IST" skipped="0">
  <testcase classname="day8.CreateUser" name="test_createUser" time="9.702"/>
</testsuite> <!-- day8.CreateUser -->
