<?xml version="1.0" encoding="UTF-8"?>
<!-- Generated by org.testng.reporters.JUnitReportReporter -->
<testsuite hostname="srivastav" failures="0" tests="1" name="day3.PathAndQueryParameters" time="5.108" errors="0" timestamp="2023-12-06T10:21:23 IST" skipped="0">
  <testcase classname="day3.PathAndQueryParameters" name="testQueryAndPathParameters" time="5.108"/>
</testsuite> <!-- day3.PathAndQueryParameters -->
