<?xml version="1.0" encoding="UTF-8"?>
<!-- Generated by org.testng.reporters.JUnitReportReporter -->
<testsuite hostname="srivastav" failures="0" tests="2" name="day2.DiffWaysToCreatePostRequestBody" time="1.981" errors="0" timestamp="2023-12-05T17:24:28 IST" skipped="0">
  <testcase classname="day2.DiffWaysToCreatePostRequestBody" name="testPostusingExternalJsonFile" time="1.940"/>
  <testcase classname="day2.DiffWaysToCreatePostRequestBody" name="testDelete" time="0.041"/>
</testsuite> <!-- day2.DiffWaysToCreatePostRequestBody -->
