<?xml version="1.0" encoding="UTF-8"?>
<!-- Generated by org.testng.reporters.JUnitReportReporter -->
<testsuite hostname="srivastav" failures="0" tests="1" name="day7.FakerDataGenerator" time="0.216" errors="0" timestamp="2023-12-07T12:32:01 IST" skipped="0">
  <testcase classname="day7.FakerDataGenerator" name="testGenerateDummyData" time="0.216"/>
</testsuite> <!-- day7.FakerDataGenerator -->
