<?xml version="1.0" encoding="UTF-8"?>
<!-- Generated by org.testng.reporters.JUnitReportReporter -->
<testsuite hostname="srivastav" failures="0" tests="1" name="day6.SerializationDeserialization" time="0.651" errors="0" timestamp="2023-12-07T10:29:13 IST" skipped="0">
  <testcase classname="day6.SerializationDeserialization" name="convertJson2POJO" time="0.651"/>
</testsuite> <!-- day6.SerializationDeserialization -->
