<?xml version="1.0" encoding="UTF-8"?>
<!-- Generated by org.testng.reporters.JUnitReportReporter -->
<testsuite hostname="srivastav" failures="0" tests="1" name="day3.LoggingDemo" time="4.189" errors="0" timestamp="2023-12-06T11:39:21 IST" skipped="0">
  <testcase classname="day3.LoggingDemo" name="testLogs" time="4.189"/>
</testsuite> <!-- day3.LoggingDemo -->
