<?xml version="1.0" encoding="UTF-8"?>
<!-- Generated by org.testng.reporters.JUnitReportReporter -->
<testsuite hostname="srivastav" failures="0" tests="1" name="day3.CookiesDemo" time="4.899" errors="0" timestamp="2023-12-06T11:02:37 IST" skipped="0">
  <testcase classname="day3.CookiesDemo" name="getCookiesInfo" time="4.899"/>
</testsuite> <!-- day3.CookiesDemo -->
