<?xml version="1.0" encoding="UTF-8"?>
<!-- Generated by org.testng.reporters.JUnitReportReporter -->
<testsuite hostname="srivastav" failures="0" tests="1" name="day8.DeleteUser" time="0.522" errors="0" timestamp="2023-12-07T15:42:43 IST" skipped="0">
  <testcase classname="day8.DeleteUser" name="test_deleteUser" time="0.522"/>
</testsuite> <!-- day8.DeleteUser -->
