<?xml version="1.0" encoding="UTF-8"?>
<!-- Generated by org.testng.reporters.JUnitReportReporter -->
<testsuite hostname="srivastav" failures="0" tests="1" name="day6.JSONSchemaValidation" time="5.831" errors="0" timestamp="2023-12-06T17:42:09 IST" skipped="0">
  <testcase classname="day6.JSONSchemaValidation" name="jsonschemavalidation" time="5.831"/>
</testsuite> <!-- day6.JSONSchemaValidation -->
