<?xml version="1.0" encoding="UTF-8"?>
<!-- Generated by org.testng.reporters.JUnitReportReporter -->
<testsuite hostname="srivastav" failures="0" tests="1" name="day5.ParsingXMLResponse" time="6.277" errors="0" timestamp="2023-12-06T16:54:19 IST" skipped="0">
  <testcase classname="day5.ParsingXMLResponse" name="testXMLResponseBody" time="6.277"/>
</testsuite> <!-- day5.ParsingXMLResponse -->
