<?xml version="1.0" encoding="UTF-8"?>
<!-- Generated by org.testng.reporters.JUnitReportReporter -->
<testsuite hostname="srivastav" failures="0" tests="1" name="day8.GetUser" time="0.680" errors="0" timestamp="2023-12-07T15:42:43 IST" skipped="0">
  <testcase classname="day8.GetUser" name="test_getUser" time="0.680"/>
</testsuite> <!-- day8.GetUser -->
