<?xml version="1.0" encoding="UTF-8"?>
<!-- Generated by org.testng.reporters.JUnitReportReporter -->
<testsuite hostname="srivastav" failures="0" tests="4" name="day1.HTTPRequests" time="11.951" errors="0" timestamp="2023-12-05T15:36:28 IST" skipped="0">
  <testcase classname="day1.HTTPRequests" name="getUsers" time="9.349"/>
  <testcase classname="day1.HTTPRequests" name="createUser" time="1.560"/>
  <testcase classname="day1.HTTPRequests" name="updateUser" time="0.540"/>
  <testcase classname="day1.HTTPRequests" name="deleteUser" time="0.502"/>
</testsuite> <!-- day1.HTTPRequests -->
