<?xml version="1.0" encoding="UTF-8"?>
<!-- Generated by org.testng.reporters.JUnitReportReporter -->
<testsuite hostname="srivastav" failures="0" tests="1" name="day8.UpdateUser" time="0.452" errors="0" timestamp="2023-12-07T15:42:43 IST" skipped="0">
  <testcase classname="day8.UpdateUser" name="test_updateUser" time="0.452"/>
</testsuite> <!-- day8.UpdateUser -->
