<?xml version="1.0" encoding="UTF-8"?>
<!-- Generated by org.testng.reporters.JUnitReportReporter -->
<testsuite hostname="srivastav" failures="0" tests="1" name="day3.HeadersDemo" time="5.900" errors="0" timestamp="2023-12-06T11:32:35 IST" skipped="0">
  <testcase classname="day3.HeadersDemo" name="gettHeader" time="5.900"/>
</testsuite> <!-- day3.HeadersDemo -->
